2025-03-12T20:41:02.308-05:00  INFO 14580 --- [facturacion] [restartedMain] c.f.facturacion.FacturacionApplication   : Starting FacturacionApplication using Java 21.0.5 with PID 14580 (C:\Users\antho\Documents\GitHub\examenparcial3\facturacion\target\classes started by antho in C:\Users\antho\Documents\GitHub\examenparcial3)
2025-03-12T20:41:02.316-05:00  INFO 14580 --- [facturacion] [restartedMain] c.f.facturacion.FacturacionApplication   : No active profile set, falling back to 1 default profile: "default"
2025-03-12T20:41:02.426-05:00  INFO 14580 --- [facturacion] [restartedMain] .e.DevToolsPropertyDefaultsPostProcessor : Devtools property defaults active! Set 'spring.devtools.add-properties' to 'false' to disable
2025-03-12T20:41:02.429-05:00  INFO 14580 --- [facturacion] [restartedMain] .e.DevToolsPropertyDefaultsPostProcessor : For additional web related logging consider setting the 'logging.level.web' property to 'DEBUG'
2025-03-12T20:41:04.692-05:00  INFO 14580 --- [facturacion] [restartedMain] .s.d.r.c.RepositoryConfigurationDelegate : Bootstrapping Spring Data MongoDB repositories in DEFAULT mode.
2025-03-12T20:41:04.793-05:00  INFO 14580 --- [facturacion] [restartedMain] .s.d.r.c.RepositoryConfigurationDelegate : Finished Spring Data repository scanning in 90 ms. Found 1 MongoDB repository interface.
2025-03-12T20:41:05.128-05:00  INFO 14580 --- [facturacion] [restartedMain] o.s.cloud.context.scope.GenericScope     : BeanFactory id=3a5b12b1-e5eb-331c-a897-8aa9c5c2bcca
2025-03-12T20:41:06.569-05:00  INFO 14580 --- [facturacion] [restartedMain] o.s.b.w.embedded.tomcat.TomcatWebServer  : Tomcat initialized with port 8002 (http)
2025-03-12T20:41:06.594-05:00  INFO 14580 --- [facturacion] [restartedMain] o.apache.catalina.core.StandardService   : Starting service [Tomcat]
2025-03-12T20:41:06.595-05:00  INFO 14580 --- [facturacion] [restartedMain] o.apache.catalina.core.StandardEngine    : Starting Servlet engine: [Apache Tomcat/10.1.36]
2025-03-12T20:41:06.698-05:00  INFO 14580 --- [facturacion] [restartedMain] o.a.c.c.C.[Tomcat].[localhost].[/]       : Initializing Spring embedded WebApplicationContext
2025-03-12T20:41:06.699-05:00  INFO 14580 --- [facturacion] [restartedMain] w.s.c.ServletWebServerApplicationContext : Root WebApplicationContext: initialization completed in 4268 ms
2025-03-12T20:41:07.555-05:00  INFO 14580 --- [facturacion] [restartedMain] org.mongodb.driver.client                : MongoClient with metadata {"driver": {"name": "mongo-java-driver|sync|spring-boot", "version": "5.2.1"}, "os": {"type": "Windows", "name": "Windows 11", "architecture": "amd64", "version": "10.0"}, "platform": "Java/Eclipse Adoptium/21.0.5+11-LTS"} created with settings MongoClientSettings{readPreference=primary, writeConcern=WriteConcern{w=null, wTimeout=null ms, journal=null}, retryWrites=true, retryReads=true, readConcern=ReadConcern{level=null}, credential=null, transportSettings=null, commandListeners=[io.micrometer.core.instrument.binder.mongodb.MongoMetricsCommandListener@68d776b4], codecRegistry=ProvidersCodecRegistry{codecProviders=[ValueCodecProvider{}, BsonValueCodecProvider{}, DBRefCodecProvider{}, DBObjectCodecProvider{}, DocumentCodecProvider{}, CollectionCodecProvider{}, IterableCodecProvider{}, MapCodecProvider{}, GeoJsonCodecProvider{}, GridFSFileCodecProvider{}, Jsr310CodecProvider{}, JsonObjectCodecProvider{}, BsonCodecProvider{}, EnumCodecProvider{}, com.mongodb.client.model.mql.ExpressionCodecProvider@745e8b32, com.mongodb.Jep395RecordCodecProvider@6a5a721c, com.mongodb.KotlinCodecProvider@19e15bfb]}, loggerSettings=LoggerSettings{maxDocumentLength=1000}, clusterSettings={hosts=[localhost:27017], srvServiceName=mongodb, mode=SINGLE, requiredClusterType=UNKNOWN, requiredReplicaSetName='null', serverSelector='null', clusterListeners='[]', serverSelectionTimeout='30000 ms', localThreshold='15 ms'}, socketSettings=SocketSettings{connectTimeoutMS=10000, readTimeoutMS=0, receiveBufferSize=0, proxySettings=ProxySettings{host=null, port=null, username=null, password=null}}, heartbeatSocketSettings=SocketSettings{connectTimeoutMS=10000, readTimeoutMS=10000, receiveBufferSize=0, proxySettings=ProxySettings{host=null, port=null, username=null, password=null}}, connectionPoolSettings=ConnectionPoolSettings{maxSize=100, minSize=0, maxWaitTimeMS=120000, maxConnectionLifeTimeMS=0, maxConnectionIdleTimeMS=0, maintenanceInitialDelayMS=0, maintenanceFrequencyMS=60000, connectionPoolListeners=[io.micrometer.core.instrument.binder.mongodb.MongoMetricsConnectionPoolListener@4ad0fca5], maxConnecting=2}, serverSettings=ServerSettings{heartbeatFrequencyMS=10000, minHeartbeatFrequencyMS=500, serverMonitoringMode=AUTO, serverListeners='[]', serverMonitorListeners='[]'}, sslSettings=SslSettings{enabled=false, invalidHostNameAllowed=false, context=null}, applicationName='null', compressorList=[], uuidRepresentation=JAVA_LEGACY, serverApi=null, autoEncryptionSettings=null, dnsClient=null, inetAddressResolver=null, contextProvider=null, timeoutMS=null}
2025-03-12T20:41:07.612-05:00  INFO 14580 --- [facturacion] [cluster-ClusterId{value='67d237b3e7d3011aaf3633ac', description='null'}-localhost:27017] org.mongodb.driver.cluster               : Monitor thread successfully connected to server with description ServerDescription{address=localhost:27017, type=STANDALONE, cryptd=false, state=CONNECTED, ok=true, minWireVersion=0, maxWireVersion=25, maxDocumentSize=16777216, logicalSessionTimeoutMinutes=30, roundTripTimeNanos=58529200, minRoundTripTimeNanos=0}
2025-03-12T20:41:07.915-05:00  WARN 14580 --- [facturacion] [restartedMain] o.s.b.d.a.OptionalLiveReloadServer       : Unable to start LiveReload server
2025-03-12T20:41:08.944-05:00  INFO 14580 --- [facturacion] [restartedMain] o.s.v.b.OptionalValidatorFactoryBean     : Failed to set up a Bean Validation provider: jakarta.validation.NoProviderFoundException: Unable to create a Configuration, because no Jakarta Bean Validation provider could be found. Add a provider like Hibernate Validator (RI) to your classpath.
2025-03-12T20:41:10.282-05:00  WARN 14580 --- [facturacion] [restartedMain] ConfigServletWebServerApplicationContext : Exception encountered during context initialization - cancelling refresh attempt: org.springframework.beans.factory.BeanCreationException: Error creating bean with name 'compositeCompatibilityVerifier' defined in class path resource [org/springframework/cloud/configuration/CompatibilityVerifierAutoConfiguration.class]: Failed to instantiate [org.springframework.cloud.configuration.CompositeCompatibilityVerifier]: Factory method 'compositeCompatibilityVerifier' threw exception with message: Spring Cloud/ Spring Boot version compatibility checks have failed: [[VerificationResult@17020b6b description = 'Spring Boot [3.4.3] is not compatible with this Spring Cloud release train', action = 'Change Spring Boot version to one of the following versions [3.2.x] .
You can find the latest Spring Boot versions here [https://spring.io/projects/spring-boot#learn]. 
If you want to learn more about the Spring Cloud Release train compatibility, you can visit this page [https://spring.io/projects/spring-cloud#overview] and check the [Release Trains] section.
If you want to disable this check, just set the property [spring.cloud.compatibility-verifier.enabled=false]']]
2025-03-12T20:41:10.303-05:00  INFO 14580 --- [facturacion] [restartedMain] o.apache.catalina.core.StandardService   : Stopping service [Tomcat]
2025-03-12T20:41:10.348-05:00  INFO 14580 --- [facturacion] [restartedMain] .s.b.a.l.ConditionEvaluationReportLogger : 

Error starting ApplicationContext. To display the condition evaluation report re-run your application with 'debug' enabled.
2025-03-12T20:41:10.394-05:00 ERROR 14580 --- [facturacion] [restartedMain] o.s.b.d.LoggingFailureAnalysisReporter   : 

***************************
APPLICATION FAILED TO START
***************************

Description:

Your project setup is incompatible with our requirements due to following reasons:

- Spring Boot [3.4.3] is not compatible with this Spring Cloud release train


Action:

Consider applying the following actions:

- Change Spring Boot version to one of the following versions [3.2.x] .
You can find the latest Spring Boot versions here [https://spring.io/projects/spring-boot#learn]. 
If you want to learn more about the Spring Cloud Release train compatibility, you can visit this page [https://spring.io/projects/spring-cloud#overview] and check the [Release Trains] section.
If you want to disable this check, just set the property [spring.cloud.compatibility-verifier.enabled=false]


2025-03-12T20:44:19.857-05:00  INFO 15152 --- [facturacion] [restartedMain] c.f.facturacion.FacturacionApplication   : Starting FacturacionApplication using Java 21.0.5 with PID 15152 (C:\Users\antho\Documents\GitHub\examenparcial3\facturacion\target\classes started by antho in C:\Users\antho\Documents\GitHub\examenparcial3)
2025-03-12T20:44:19.863-05:00  INFO 15152 --- [facturacion] [restartedMain] c.f.facturacion.FacturacionApplication   : No active profile set, falling back to 1 default profile: "default"
2025-03-12T20:44:19.998-05:00  INFO 15152 --- [facturacion] [restartedMain] .e.DevToolsPropertyDefaultsPostProcessor : Devtools property defaults active! Set 'spring.devtools.add-properties' to 'false' to disable
2025-03-12T20:44:19.998-05:00  INFO 15152 --- [facturacion] [restartedMain] .e.DevToolsPropertyDefaultsPostProcessor : For additional web related logging consider setting the 'logging.level.web' property to 'DEBUG'
2025-03-12T20:44:22.028-05:00  INFO 15152 --- [facturacion] [restartedMain] .s.d.r.c.RepositoryConfigurationDelegate : Bootstrapping Spring Data MongoDB repositories in DEFAULT mode.
2025-03-12T20:44:22.108-05:00  INFO 15152 --- [facturacion] [restartedMain] .s.d.r.c.RepositoryConfigurationDelegate : Finished Spring Data repository scanning in 68 ms. Found 1 MongoDB repository interface.
2025-03-12T20:44:22.439-05:00  INFO 15152 --- [facturacion] [restartedMain] o.s.cloud.context.scope.GenericScope     : BeanFactory id=433b93d7-05fd-3b7f-96be-e5428d670ca5
2025-03-12T20:44:23.798-05:00  INFO 15152 --- [facturacion] [restartedMain] o.s.b.w.embedded.tomcat.TomcatWebServer  : Tomcat initialized with port 8002 (http)
2025-03-12T20:44:23.817-05:00  INFO 15152 --- [facturacion] [restartedMain] o.apache.catalina.core.StandardService   : Starting service [Tomcat]
2025-03-12T20:44:23.818-05:00  INFO 15152 --- [facturacion] [restartedMain] o.apache.catalina.core.StandardEngine    : Starting Servlet engine: [Apache Tomcat/10.1.19]
2025-03-12T20:44:23.906-05:00  INFO 15152 --- [facturacion] [restartedMain] o.a.c.c.C.[Tomcat].[localhost].[/]       : Initializing Spring embedded WebApplicationContext
2025-03-12T20:44:23.907-05:00  INFO 15152 --- [facturacion] [restartedMain] w.s.c.ServletWebServerApplicationContext : Root WebApplicationContext: initialization completed in 3908 ms
2025-03-12T20:44:24.738-05:00  INFO 15152 --- [facturacion] [restartedMain] org.mongodb.driver.client                : MongoClient with metadata {"driver": {"name": "mongo-java-driver|sync|spring-boot", "version": "4.11.1"}, "os": {"type": "Windows", "name": "Windows 11", "architecture": "amd64", "version": "10.0"}, "platform": "Java/Eclipse Adoptium/21.0.5+11-LTS"} created with settings MongoClientSettings{readPreference=primary, writeConcern=WriteConcern{w=null, wTimeout=null ms, journal=null}, retryWrites=true, retryReads=true, readConcern=ReadConcern{level=null}, credential=null, transportSettings=null, streamFactoryFactory=null, commandListeners=[io.micrometer.core.instrument.binder.mongodb.MongoMetricsCommandListener@198d710d], codecRegistry=ProvidersCodecRegistry{codecProviders=[ValueCodecProvider{}, BsonValueCodecProvider{}, DBRefCodecProvider{}, DBObjectCodecProvider{}, DocumentCodecProvider{}, CollectionCodecProvider{}, IterableCodecProvider{}, MapCodecProvider{}, GeoJsonCodecProvider{}, GridFSFileCodecProvider{}, Jsr310CodecProvider{}, JsonObjectCodecProvider{}, BsonCodecProvider{}, EnumCodecProvider{}, com.mongodb.client.model.mql.ExpressionCodecProvider@539411a1, com.mongodb.Jep395RecordCodecProvider@12790da1, com.mongodb.KotlinCodecProvider@5ed69bc6]}, loggerSettings=LoggerSettings{maxDocumentLength=1000}, clusterSettings={hosts=[localhost:27017], srvServiceName=mongodb, mode=SINGLE, requiredClusterType=UNKNOWN, requiredReplicaSetName='null', serverSelector='null', clusterListeners='[]', serverSelectionTimeout='30000 ms', localThreshold='15 ms'}, socketSettings=SocketSettings{connectTimeoutMS=10000, readTimeoutMS=0, receiveBufferSize=0, proxySettings=ProxySettings{host=null, port=null, username=null, password=null}}, heartbeatSocketSettings=SocketSettings{connectTimeoutMS=10000, readTimeoutMS=10000, receiveBufferSize=0, proxySettings=ProxySettings{host=null, port=null, username=null, password=null}}, connectionPoolSettings=ConnectionPoolSettings{maxSize=100, minSize=0, maxWaitTimeMS=120000, maxConnectionLifeTimeMS=0, maxConnectionIdleTimeMS=0, maintenanceInitialDelayMS=0, maintenanceFrequencyMS=60000, connectionPoolListeners=[io.micrometer.core.instrument.binder.mongodb.MongoMetricsConnectionPoolListener@2ca18c08], maxConnecting=2}, serverSettings=ServerSettings{heartbeatFrequencyMS=10000, minHeartbeatFrequencyMS=500, serverListeners='[]', serverMonitorListeners='[]'}, sslSettings=SslSettings{enabled=false, invalidHostNameAllowed=false, context=null}, applicationName='null', compressorList=[], uuidRepresentation=JAVA_LEGACY, serverApi=null, autoEncryptionSettings=null, dnsClient=null, inetAddressResolver=null, contextProvider=null}
2025-03-12T20:44:24.785-05:00  INFO 15152 --- [facturacion] [cluster-ClusterId{value='67d238783f35f16edc565830', description='null'}-localhost:27017] org.mongodb.driver.cluster               : Monitor thread successfully connected to server with description ServerDescription{address=localhost:27017, type=STANDALONE, state=CONNECTED, ok=true, minWireVersion=0, maxWireVersion=25, maxDocumentSize=16777216, logicalSessionTimeoutMinutes=30, roundTripTimeNanos=49977000}
2025-03-12T20:44:25.097-05:00  WARN 15152 --- [facturacion] [restartedMain] o.s.b.d.a.OptionalLiveReloadServer       : Unable to start LiveReload server
2025-03-12T20:44:27.510-05:00  INFO 15152 --- [facturacion] [restartedMain] o.s.b.a.e.web.EndpointLinksResolver      : Exposing 1 endpoint(s) beneath base path '/actuator'
2025-03-12T20:44:27.634-05:00  INFO 15152 --- [facturacion] [restartedMain] o.s.b.w.embedded.tomcat.TomcatWebServer  : Tomcat started on port 8002 (http) with context path ''
2025-03-12T20:44:27.676-05:00  INFO 15152 --- [facturacion] [restartedMain] c.f.facturacion.FacturacionApplication   : Started FacturacionApplication in 8.741 seconds (process running for 9.576)
2025-03-12T20:44:44.736-05:00  INFO 15152 --- [facturacion] [http-nio-8002-exec-1] o.a.c.c.C.[Tomcat].[localhost].[/]       : Initializing Spring DispatcherServlet 'dispatcherServlet'
2025-03-12T20:44:44.737-05:00  INFO 15152 --- [facturacion] [http-nio-8002-exec-1] o.s.web.servlet.DispatcherServlet        : Initializing Servlet 'dispatcherServlet'
2025-03-12T20:44:44.739-05:00  INFO 15152 --- [facturacion] [http-nio-8002-exec-1] o.s.web.servlet.DispatcherServlet        : Completed initialization in 2 ms
2025-03-12T20:44:45.928-05:00  INFO 15152 --- [facturacion] [http-nio-8002-exec-9] o.springdoc.api.AbstractOpenApiResource  : Init duration for springdoc-openapi is: 523 ms
2025-03-12T20:45:12.873-05:00  INFO 15152 --- [facturacion] [http-nio-8002-exec-10] c.f.f.controller.FacturaController       : Recibida solicitud para crear factura para: Anthony Quishpe
2025-03-12T20:45:12.874-05:00  INFO 15152 --- [facturacion] [http-nio-8002-exec-10] c.f.f.service.FacturaServiceImpl         : Iniciando creación de factura para cliente: Anthony Quishpe
2025-03-12T20:45:12.911-05:00 ERROR 15152 --- [facturacion] [http-nio-8002-exec-10] c.f.f.service.FacturaServiceImpl         : Error al procesar producto PROD001: [404] during [GET] to [http://localhost:8001/api/productos/codigo/PROD001] [ProductoClient#obtenerProductoPorCodigo(String)]: [{"timestamp":"2025-03-13T01:45:12.899+00:00","status":404,"error":"Not Found","trace":"org.springframework.web.servlet.resource.NoResourceFoundException: No static resource api/productos/codigo/PROD00... (4727 bytes)]
2025-03-12T20:45:12.913-05:00 ERROR 15152 --- [facturacion] [http-nio-8002-exec-10] c.f.f.controller.FacturaController       : Error al crear factura: Error al procesar el producto: PROD001
2025-03-12T20:46:53.574-05:00  INFO 15520 --- [facturacion] [restartedMain] c.f.facturacion.FacturacionApplication   : Starting FacturacionApplication using Java 21.0.5 with PID 15520 (C:\Users\antho\Documents\GitHub\examenparcial3\facturacion\target\classes started by antho in C:\Users\antho\Documents\GitHub\examenparcial3)
2025-03-12T20:46:53.578-05:00  INFO 15520 --- [facturacion] [restartedMain] c.f.facturacion.FacturacionApplication   : No active profile set, falling back to 1 default profile: "default"
2025-03-12T20:46:53.728-05:00  INFO 15520 --- [facturacion] [restartedMain] .e.DevToolsPropertyDefaultsPostProcessor : Devtools property defaults active! Set 'spring.devtools.add-properties' to 'false' to disable
2025-03-12T20:46:53.729-05:00  INFO 15520 --- [facturacion] [restartedMain] .e.DevToolsPropertyDefaultsPostProcessor : For additional web related logging consider setting the 'logging.level.web' property to 'DEBUG'
2025-03-12T20:46:55.755-05:00  INFO 15520 --- [facturacion] [restartedMain] .s.d.r.c.RepositoryConfigurationDelegate : Bootstrapping Spring Data MongoDB repositories in DEFAULT mode.
2025-03-12T20:46:55.850-05:00  INFO 15520 --- [facturacion] [restartedMain] .s.d.r.c.RepositoryConfigurationDelegate : Finished Spring Data repository scanning in 82 ms. Found 1 MongoDB repository interface.
2025-03-12T20:46:56.184-05:00  INFO 15520 --- [facturacion] [restartedMain] o.s.cloud.context.scope.GenericScope     : BeanFactory id=433b93d7-05fd-3b7f-96be-e5428d670ca5
2025-03-12T20:46:57.641-05:00  INFO 15520 --- [facturacion] [restartedMain] o.s.b.w.embedded.tomcat.TomcatWebServer  : Tomcat initialized with port 8002 (http)
2025-03-12T20:46:57.668-05:00  INFO 15520 --- [facturacion] [restartedMain] o.apache.catalina.core.StandardService   : Starting service [Tomcat]
2025-03-12T20:46:57.670-05:00  INFO 15520 --- [facturacion] [restartedMain] o.apache.catalina.core.StandardEngine    : Starting Servlet engine: [Apache Tomcat/10.1.19]
2025-03-12T20:46:57.773-05:00  INFO 15520 --- [facturacion] [restartedMain] o.a.c.c.C.[Tomcat].[localhost].[/]       : Initializing Spring embedded WebApplicationContext
2025-03-12T20:46:57.774-05:00  INFO 15520 --- [facturacion] [restartedMain] w.s.c.ServletWebServerApplicationContext : Root WebApplicationContext: initialization completed in 4044 ms
2025-03-12T20:46:58.700-05:00  INFO 15520 --- [facturacion] [restartedMain] org.mongodb.driver.client                : MongoClient with metadata {"driver": {"name": "mongo-java-driver|sync|spring-boot", "version": "4.11.1"}, "os": {"type": "Windows", "name": "Windows 11", "architecture": "amd64", "version": "10.0"}, "platform": "Java/Eclipse Adoptium/21.0.5+11-LTS"} created with settings MongoClientSettings{readPreference=primary, writeConcern=WriteConcern{w=null, wTimeout=null ms, journal=null}, retryWrites=true, retryReads=true, readConcern=ReadConcern{level=null}, credential=null, transportSettings=null, streamFactoryFactory=null, commandListeners=[io.micrometer.core.instrument.binder.mongodb.MongoMetricsCommandListener@60b7ae1c], codecRegistry=ProvidersCodecRegistry{codecProviders=[ValueCodecProvider{}, BsonValueCodecProvider{}, DBRefCodecProvider{}, DBObjectCodecProvider{}, DocumentCodecProvider{}, CollectionCodecProvider{}, IterableCodecProvider{}, MapCodecProvider{}, GeoJsonCodecProvider{}, GridFSFileCodecProvider{}, Jsr310CodecProvider{}, JsonObjectCodecProvider{}, BsonCodecProvider{}, EnumCodecProvider{}, com.mongodb.client.model.mql.ExpressionCodecProvider@66166f2c, com.mongodb.Jep395RecordCodecProvider@37472108, com.mongodb.KotlinCodecProvider@4c2be260]}, loggerSettings=LoggerSettings{maxDocumentLength=1000}, clusterSettings={hosts=[localhost:27017], srvServiceName=mongodb, mode=SINGLE, requiredClusterType=UNKNOWN, requiredReplicaSetName='null', serverSelector='null', clusterListeners='[]', serverSelectionTimeout='30000 ms', localThreshold='15 ms'}, socketSettings=SocketSettings{connectTimeoutMS=10000, readTimeoutMS=0, receiveBufferSize=0, proxySettings=ProxySettings{host=null, port=null, username=null, password=null}}, heartbeatSocketSettings=SocketSettings{connectTimeoutMS=10000, readTimeoutMS=10000, receiveBufferSize=0, proxySettings=ProxySettings{host=null, port=null, username=null, password=null}}, connectionPoolSettings=ConnectionPoolSettings{maxSize=100, minSize=0, maxWaitTimeMS=120000, maxConnectionLifeTimeMS=0, maxConnectionIdleTimeMS=0, maintenanceInitialDelayMS=0, maintenanceFrequencyMS=60000, connectionPoolListeners=[io.micrometer.core.instrument.binder.mongodb.MongoMetricsConnectionPoolListener@113172b7], maxConnecting=2}, serverSettings=ServerSettings{heartbeatFrequencyMS=10000, minHeartbeatFrequencyMS=500, serverListeners='[]', serverMonitorListeners='[]'}, sslSettings=SslSettings{enabled=false, invalidHostNameAllowed=false, context=null}, applicationName='null', compressorList=[], uuidRepresentation=JAVA_LEGACY, serverApi=null, autoEncryptionSettings=null, dnsClient=null, inetAddressResolver=null, contextProvider=null}
2025-03-12T20:46:58.747-05:00  INFO 15520 --- [facturacion] [cluster-ClusterId{value='67d23912dcbdaf54d2505c09', description='null'}-localhost:27017] org.mongodb.driver.cluster               : Monitor thread successfully connected to server with description ServerDescription{address=localhost:27017, type=STANDALONE, state=CONNECTED, ok=true, minWireVersion=0, maxWireVersion=25, maxDocumentSize=16777216, logicalSessionTimeoutMinutes=30, roundTripTimeNanos=50575300}
2025-03-12T20:46:59.064-05:00  WARN 15520 --- [facturacion] [restartedMain] o.s.b.d.a.OptionalLiveReloadServer       : Unable to start LiveReload server
2025-03-12T20:47:01.472-05:00  INFO 15520 --- [facturacion] [restartedMain] o.s.b.a.e.web.EndpointLinksResolver      : Exposing 1 endpoint(s) beneath base path '/actuator'
2025-03-12T20:47:01.703-05:00  INFO 15520 --- [facturacion] [restartedMain] o.s.b.w.embedded.tomcat.TomcatWebServer  : Tomcat started on port 8002 (http) with context path ''
2025-03-12T20:47:01.770-05:00  INFO 15520 --- [facturacion] [restartedMain] c.f.facturacion.FacturacionApplication   : Started FacturacionApplication in 9.094 seconds (process running for 13.071)
2025-03-12T20:47:12.681-05:00  INFO 15520 --- [facturacion] [http-nio-8002-exec-4] o.a.c.c.C.[Tomcat].[localhost].[/]       : Initializing Spring DispatcherServlet 'dispatcherServlet'
2025-03-12T20:47:12.682-05:00  INFO 15520 --- [facturacion] [http-nio-8002-exec-4] o.s.web.servlet.DispatcherServlet        : Initializing Servlet 'dispatcherServlet'
2025-03-12T20:47:12.684-05:00  INFO 15520 --- [facturacion] [http-nio-8002-exec-4] o.s.web.servlet.DispatcherServlet        : Completed initialization in 1 ms
2025-03-12T20:47:13.769-05:00  INFO 15520 --- [facturacion] [http-nio-8002-exec-8] o.springdoc.api.AbstractOpenApiResource  : Init duration for springdoc-openapi is: 495 ms
2025-03-12T20:47:30.865-05:00  INFO 15520 --- [facturacion] [http-nio-8002-exec-3] c.f.f.controller.FacturaController       : Recibida solicitud para crear factura para: Anthony Quishpe
2025-03-12T20:47:30.866-05:00  INFO 15520 --- [facturacion] [http-nio-8002-exec-3] c.f.f.service.FacturaServiceImpl         : Iniciando creación de factura para cliente: Anthony Quishpe
2025-03-12T20:47:30.901-05:00 ERROR 15520 --- [facturacion] [http-nio-8002-exec-3] c.f.f.service.FacturaServiceImpl         : Error al procesar producto PROD001: [404] during [GET] to [http://localhost:8001/api/productos/codigo/PROD001] [ProductoClient#obtenerProductoPorCodigo(String)]: [{"timestamp":"2025-03-13T01:47:30.887+00:00","status":404,"error":"Not Found","trace":"org.springframework.web.servlet.resource.NoResourceFoundException: No static resource api/productos/codigo/PROD00... (4727 bytes)]
2025-03-12T20:47:30.903-05:00 ERROR 15520 --- [facturacion] [http-nio-8002-exec-3] c.f.f.controller.FacturaController       : Error al crear factura: Error al procesar el producto: PROD001
2025-03-12T20:48:11.414-05:00  INFO 15520 --- [facturacion] [File Watcher] rtingClassPathChangeChangedEventListener : Restarting due to 1 class path change (0 additions, 0 deletions, 1 modification)
2025-03-12T20:48:11.762-05:00  INFO 15520 --- [facturacion] [restartedMain] c.f.facturacion.FacturacionApplication   : Starting FacturacionApplication using Java 21.0.5 with PID 15520 (C:\Users\antho\Documents\GitHub\examenparcial3\facturacion\target\classes started by antho in C:\Users\antho\Documents\GitHub\examenparcial3)
2025-03-12T20:48:11.766-05:00  INFO 15520 --- [facturacion] [restartedMain] c.f.facturacion.FacturacionApplication   : No active profile set, falling back to 1 default profile: "default"
2025-03-12T20:48:12.683-05:00  INFO 15520 --- [facturacion] [restartedMain] .s.d.r.c.RepositoryConfigurationDelegate : Bootstrapping Spring Data MongoDB repositories in DEFAULT mode.
2025-03-12T20:48:12.702-05:00  INFO 15520 --- [facturacion] [restartedMain] .s.d.r.c.RepositoryConfigurationDelegate : Finished Spring Data repository scanning in 16 ms. Found 1 MongoDB repository interface.
2025-03-12T20:48:12.784-05:00  INFO 15520 --- [facturacion] [restartedMain] o.s.cloud.context.scope.GenericScope     : BeanFactory id=433b93d7-05fd-3b7f-96be-e5428d670ca5
2025-03-12T20:48:12.951-05:00  INFO 15520 --- [facturacion] [restartedMain] o.s.b.w.embedded.tomcat.TomcatWebServer  : Tomcat initialized with port 8002 (http)
2025-03-12T20:48:12.953-05:00  INFO 15520 --- [facturacion] [restartedMain] o.apache.catalina.core.StandardService   : Starting service [Tomcat]
2025-03-12T20:48:12.954-05:00  INFO 15520 --- [facturacion] [restartedMain] o.apache.catalina.core.StandardEngine    : Starting Servlet engine: [Apache Tomcat/10.1.19]
2025-03-12T20:48:12.993-05:00  INFO 15520 --- [facturacion] [restartedMain] o.a.c.c.C.[Tomcat].[localhost].[/]       : Initializing Spring embedded WebApplicationContext
2025-03-12T20:48:12.993-05:00  INFO 15520 --- [facturacion] [restartedMain] w.s.c.ServletWebServerApplicationContext : Root WebApplicationContext: initialization completed in 1218 ms
2025-03-12T20:48:13.189-05:00  INFO 15520 --- [facturacion] [restartedMain] org.mongodb.driver.client                : MongoClient with metadata {"driver": {"name": "mongo-java-driver|sync|spring-boot", "version": "4.11.1"}, "os": {"type": "Windows", "name": "Windows 11", "architecture": "amd64", "version": "10.0"}, "platform": "Java/Eclipse Adoptium/21.0.5+11-LTS"} created with settings MongoClientSettings{readPreference=primary, writeConcern=WriteConcern{w=null, wTimeout=null ms, journal=null}, retryWrites=true, retryReads=true, readConcern=ReadConcern{level=null}, credential=null, transportSettings=null, streamFactoryFactory=null, commandListeners=[io.micrometer.core.instrument.binder.mongodb.MongoMetricsCommandListener@307e9270], codecRegistry=ProvidersCodecRegistry{codecProviders=[ValueCodecProvider{}, BsonValueCodecProvider{}, DBRefCodecProvider{}, DBObjectCodecProvider{}, DocumentCodecProvider{}, CollectionCodecProvider{}, IterableCodecProvider{}, MapCodecProvider{}, GeoJsonCodecProvider{}, GridFSFileCodecProvider{}, Jsr310CodecProvider{}, JsonObjectCodecProvider{}, BsonCodecProvider{}, EnumCodecProvider{}, com.mongodb.client.model.mql.ExpressionCodecProvider@66166f2c, com.mongodb.Jep395RecordCodecProvider@37472108, com.mongodb.KotlinCodecProvider@4c2be260]}, loggerSettings=LoggerSettings{maxDocumentLength=1000}, clusterSettings={hosts=[localhost:27017], srvServiceName=mongodb, mode=SINGLE, requiredClusterType=UNKNOWN, requiredReplicaSetName='null', serverSelector='null', clusterListeners='[]', serverSelectionTimeout='30000 ms', localThreshold='15 ms'}, socketSettings=SocketSettings{connectTimeoutMS=10000, readTimeoutMS=0, receiveBufferSize=0, proxySettings=ProxySettings{host=null, port=null, username=null, password=null}}, heartbeatSocketSettings=SocketSettings{connectTimeoutMS=10000, readTimeoutMS=10000, receiveBufferSize=0, proxySettings=ProxySettings{host=null, port=null, username=null, password=null}}, connectionPoolSettings=ConnectionPoolSettings{maxSize=100, minSize=0, maxWaitTimeMS=120000, maxConnectionLifeTimeMS=0, maxConnectionIdleTimeMS=0, maintenanceInitialDelayMS=0, maintenanceFrequencyMS=60000, connectionPoolListeners=[io.micrometer.core.instrument.binder.mongodb.MongoMetricsConnectionPoolListener@1e5786a0], maxConnecting=2}, serverSettings=ServerSettings{heartbeatFrequencyMS=10000, minHeartbeatFrequencyMS=500, serverListeners='[]', serverMonitorListeners='[]'}, sslSettings=SslSettings{enabled=false, invalidHostNameAllowed=false, context=null}, applicationName='null', compressorList=[], uuidRepresentation=JAVA_LEGACY, serverApi=null, autoEncryptionSettings=null, dnsClient=null, inetAddressResolver=null, contextProvider=null}
2025-03-12T20:48:13.198-05:00  INFO 15520 --- [facturacion] [cluster-ClusterId{value='67d2395ddcbdaf54d2505c0a', description='null'}-localhost:27017] org.mongodb.driver.cluster               : Monitor thread successfully connected to server with description ServerDescription{address=localhost:27017, type=STANDALONE, state=CONNECTED, ok=true, minWireVersion=0, maxWireVersion=25, maxDocumentSize=16777216, logicalSessionTimeoutMinutes=30, roundTripTimeNanos=7175500}
2025-03-12T20:48:13.261-05:00  WARN 15520 --- [facturacion] [restartedMain] o.s.b.d.a.OptionalLiveReloadServer       : Unable to start LiveReload server
2025-03-12T20:48:14.128-05:00  INFO 15520 --- [facturacion] [restartedMain] o.s.b.a.e.web.EndpointLinksResolver      : Exposing 1 endpoint(s) beneath base path '/actuator'
2025-03-12T20:48:14.194-05:00  INFO 15520 --- [facturacion] [restartedMain] o.s.b.w.embedded.tomcat.TomcatWebServer  : Tomcat started on port 8002 (http) with context path ''
2025-03-12T20:48:14.234-05:00  INFO 15520 --- [facturacion] [restartedMain] c.f.facturacion.FacturacionApplication   : Started FacturacionApplication in 2.65 seconds (process running for 85.535)
2025-03-12T20:48:14.243-05:00  INFO 15520 --- [facturacion] [restartedMain] .ConditionEvaluationDeltaLoggingListener : Condition evaluation unchanged
2025-03-12T20:48:15.497-05:00  INFO 15520 --- [facturacion] [File Watcher] rtingClassPathChangeChangedEventListener : Restarting due to 1 class path change (0 additions, 0 deletions, 1 modification)
2025-03-12T20:48:15.651-05:00  INFO 15520 --- [facturacion] [restartedMain] c.f.facturacion.FacturacionApplication   : Starting FacturacionApplication using Java 21.0.5 with PID 15520 (C:\Users\antho\Documents\GitHub\examenparcial3\facturacion\target\classes started by antho in C:\Users\antho\Documents\GitHub\examenparcial3)
2025-03-12T20:48:15.652-05:00  INFO 15520 --- [facturacion] [restartedMain] c.f.facturacion.FacturacionApplication   : No active profile set, falling back to 1 default profile: "default"
2025-03-12T20:48:16.199-05:00  INFO 15520 --- [facturacion] [restartedMain] .s.d.r.c.RepositoryConfigurationDelegate : Bootstrapping Spring Data MongoDB repositories in DEFAULT mode.
2025-03-12T20:48:16.217-05:00  INFO 15520 --- [facturacion] [restartedMain] .s.d.r.c.RepositoryConfigurationDelegate : Finished Spring Data repository scanning in 16 ms. Found 1 MongoDB repository interface.
2025-03-12T20:48:16.288-05:00  INFO 15520 --- [facturacion] [restartedMain] o.s.cloud.context.scope.GenericScope     : BeanFactory id=433b93d7-05fd-3b7f-96be-e5428d670ca5
2025-03-12T20:48:16.434-05:00  INFO 15520 --- [facturacion] [restartedMain] o.s.b.w.embedded.tomcat.TomcatWebServer  : Tomcat initialized with port 8002 (http)
2025-03-12T20:48:16.436-05:00  INFO 15520 --- [facturacion] [restartedMain] o.apache.catalina.core.StandardService   : Starting service [Tomcat]
2025-03-12T20:48:16.437-05:00  INFO 15520 --- [facturacion] [restartedMain] o.apache.catalina.core.StandardEngine    : Starting Servlet engine: [Apache Tomcat/10.1.19]
2025-03-12T20:48:16.468-05:00  INFO 15520 --- [facturacion] [restartedMain] o.a.c.c.C.[Tomcat].[localhost].[/]       : Initializing Spring embedded WebApplicationContext
2025-03-12T20:48:16.470-05:00  INFO 15520 --- [facturacion] [restartedMain] w.s.c.ServletWebServerApplicationContext : Root WebApplicationContext: initialization completed in 814 ms
2025-03-12T20:48:16.795-05:00  INFO 15520 --- [facturacion] [restartedMain] org.mongodb.driver.client                : MongoClient with metadata {"driver": {"name": "mongo-java-driver|sync|spring-boot", "version": "4.11.1"}, "os": {"type": "Windows", "name": "Windows 11", "architecture": "amd64", "version": "10.0"}, "platform": "Java/Eclipse Adoptium/21.0.5+11-LTS"} created with settings MongoClientSettings{readPreference=primary, writeConcern=WriteConcern{w=null, wTimeout=null ms, journal=null}, retryWrites=true, retryReads=true, readConcern=ReadConcern{level=null}, credential=null, transportSettings=null, streamFactoryFactory=null, commandListeners=[io.micrometer.core.instrument.binder.mongodb.MongoMetricsCommandListener@512a1e49], codecRegistry=ProvidersCodecRegistry{codecProviders=[ValueCodecProvider{}, BsonValueCodecProvider{}, DBRefCodecProvider{}, DBObjectCodecProvider{}, DocumentCodecProvider{}, CollectionCodecProvider{}, IterableCodecProvider{}, MapCodecProvider{}, GeoJsonCodecProvider{}, GridFSFileCodecProvider{}, Jsr310CodecProvider{}, JsonObjectCodecProvider{}, BsonCodecProvider{}, EnumCodecProvider{}, com.mongodb.client.model.mql.ExpressionCodecProvider@66166f2c, com.mongodb.Jep395RecordCodecProvider@37472108, com.mongodb.KotlinCodecProvider@4c2be260]}, loggerSettings=LoggerSettings{maxDocumentLength=1000}, clusterSettings={hosts=[localhost:27017], srvServiceName=mongodb, mode=SINGLE, requiredClusterType=UNKNOWN, requiredReplicaSetName='null', serverSelector='null', clusterListeners='[]', serverSelectionTimeout='30000 ms', localThreshold='15 ms'}, socketSettings=SocketSettings{connectTimeoutMS=10000, readTimeoutMS=0, receiveBufferSize=0, proxySettings=ProxySettings{host=null, port=null, username=null, password=null}}, heartbeatSocketSettings=SocketSettings{connectTimeoutMS=10000, readTimeoutMS=10000, receiveBufferSize=0, proxySettings=ProxySettings{host=null, port=null, username=null, password=null}}, connectionPoolSettings=ConnectionPoolSettings{maxSize=100, minSize=0, maxWaitTimeMS=120000, maxConnectionLifeTimeMS=0, maxConnectionIdleTimeMS=0, maintenanceInitialDelayMS=0, maintenanceFrequencyMS=60000, connectionPoolListeners=[io.micrometer.core.instrument.binder.mongodb.MongoMetricsConnectionPoolListener@2a69b9a9], maxConnecting=2}, serverSettings=ServerSettings{heartbeatFrequencyMS=10000, minHeartbeatFrequencyMS=500, serverListeners='[]', serverMonitorListeners='[]'}, sslSettings=SslSettings{enabled=false, invalidHostNameAllowed=false, context=null}, applicationName='null', compressorList=[], uuidRepresentation=JAVA_LEGACY, serverApi=null, autoEncryptionSettings=null, dnsClient=null, inetAddressResolver=null, contextProvider=null}
2025-03-12T20:48:16.800-05:00  INFO 15520 --- [facturacion] [cluster-ClusterId{value='67d23960dcbdaf54d2505c0b', description='null'}-localhost:27017] org.mongodb.driver.cluster               : Monitor thread successfully connected to server with description ServerDescription{address=localhost:27017, type=STANDALONE, state=CONNECTED, ok=true, minWireVersion=0, maxWireVersion=25, maxDocumentSize=16777216, logicalSessionTimeoutMinutes=30, roundTripTimeNanos=3471900}
2025-03-12T20:48:16.861-05:00  WARN 15520 --- [facturacion] [restartedMain] o.s.b.d.a.OptionalLiveReloadServer       : Unable to start LiveReload server
2025-03-12T20:48:17.593-05:00  INFO 15520 --- [facturacion] [restartedMain] o.s.b.a.e.web.EndpointLinksResolver      : Exposing 1 endpoint(s) beneath base path '/actuator'
2025-03-12T20:48:17.618-05:00  INFO 15520 --- [facturacion] [restartedMain] o.s.b.w.embedded.tomcat.TomcatWebServer  : Tomcat started on port 8002 (http) with context path ''
2025-03-12T20:48:17.643-05:00  INFO 15520 --- [facturacion] [restartedMain] c.f.facturacion.FacturacionApplication   : Started FacturacionApplication in 2.044 seconds (process running for 88.944)
2025-03-12T20:48:17.647-05:00  INFO 15520 --- [facturacion] [restartedMain] .ConditionEvaluationDeltaLoggingListener : Condition evaluation unchanged
2025-03-12T20:48:20.009-05:00  INFO 15520 --- [facturacion] [File Watcher] rtingClassPathChangeChangedEventListener : Restarting due to 1 class path change (0 additions, 0 deletions, 1 modification)
2025-03-12T20:48:20.156-05:00  INFO 15520 --- [facturacion] [restartedMain] c.f.facturacion.FacturacionApplication   : Starting FacturacionApplication using Java 21.0.5 with PID 15520 (C:\Users\antho\Documents\GitHub\examenparcial3\facturacion\target\classes started by antho in C:\Users\antho\Documents\GitHub\examenparcial3)
2025-03-12T20:48:20.158-05:00  INFO 15520 --- [facturacion] [restartedMain] c.f.facturacion.FacturacionApplication   : No active profile set, falling back to 1 default profile: "default"
2025-03-12T20:48:20.522-05:00  INFO 15520 --- [facturacion] [restartedMain] .s.d.r.c.RepositoryConfigurationDelegate : Bootstrapping Spring Data MongoDB repositories in DEFAULT mode.
2025-03-12T20:48:20.537-05:00  INFO 15520 --- [facturacion] [restartedMain] .s.d.r.c.RepositoryConfigurationDelegate : Finished Spring Data repository scanning in 14 ms. Found 1 MongoDB repository interface.
2025-03-12T20:48:20.610-05:00  INFO 15520 --- [facturacion] [restartedMain] o.s.cloud.context.scope.GenericScope     : BeanFactory id=433b93d7-05fd-3b7f-96be-e5428d670ca5
2025-03-12T20:48:20.721-05:00  INFO 15520 --- [facturacion] [restartedMain] o.s.b.w.embedded.tomcat.TomcatWebServer  : Tomcat initialized with port 8002 (http)
2025-03-12T20:48:20.722-05:00  INFO 15520 --- [facturacion] [restartedMain] o.apache.catalina.core.StandardService   : Starting service [Tomcat]
2025-03-12T20:48:20.723-05:00  INFO 15520 --- [facturacion] [restartedMain] o.apache.catalina.core.StandardEngine    : Starting Servlet engine: [Apache Tomcat/10.1.19]
2025-03-12T20:48:20.755-05:00  INFO 15520 --- [facturacion] [restartedMain] o.a.c.c.C.[Tomcat].[localhost].[/]       : Initializing Spring embedded WebApplicationContext
2025-03-12T20:48:20.756-05:00  INFO 15520 --- [facturacion] [restartedMain] w.s.c.ServletWebServerApplicationContext : Root WebApplicationContext: initialization completed in 594 ms
2025-03-12T20:48:20.885-05:00  INFO 15520 --- [facturacion] [restartedMain] org.mongodb.driver.client                : MongoClient with metadata {"driver": {"name": "mongo-java-driver|sync|spring-boot", "version": "4.11.1"}, "os": {"type": "Windows", "name": "Windows 11", "architecture": "amd64", "version": "10.0"}, "platform": "Java/Eclipse Adoptium/21.0.5+11-LTS"} created with settings MongoClientSettings{readPreference=primary, writeConcern=WriteConcern{w=null, wTimeout=null ms, journal=null}, retryWrites=true, retryReads=true, readConcern=ReadConcern{level=null}, credential=null, transportSettings=null, streamFactoryFactory=null, commandListeners=[io.micrometer.core.instrument.binder.mongodb.MongoMetricsCommandListener@6612de02], codecRegistry=ProvidersCodecRegistry{codecProviders=[ValueCodecProvider{}, BsonValueCodecProvider{}, DBRefCodecProvider{}, DBObjectCodecProvider{}, DocumentCodecProvider{}, CollectionCodecProvider{}, IterableCodecProvider{}, MapCodecProvider{}, GeoJsonCodecProvider{}, GridFSFileCodecProvider{}, Jsr310CodecProvider{}, JsonObjectCodecProvider{}, BsonCodecProvider{}, EnumCodecProvider{}, com.mongodb.client.model.mql.ExpressionCodecProvider@66166f2c, com.mongodb.Jep395RecordCodecProvider@37472108, com.mongodb.KotlinCodecProvider@4c2be260]}, loggerSettings=LoggerSettings{maxDocumentLength=1000}, clusterSettings={hosts=[localhost:27017], srvServiceName=mongodb, mode=SINGLE, requiredClusterType=UNKNOWN, requiredReplicaSetName='null', serverSelector='null', clusterListeners='[]', serverSelectionTimeout='30000 ms', localThreshold='15 ms'}, socketSettings=SocketSettings{connectTimeoutMS=10000, readTimeoutMS=0, receiveBufferSize=0, proxySettings=ProxySettings{host=null, port=null, username=null, password=null}}, heartbeatSocketSettings=SocketSettings{connectTimeoutMS=10000, readTimeoutMS=10000, receiveBufferSize=0, proxySettings=ProxySettings{host=null, port=null, username=null, password=null}}, connectionPoolSettings=ConnectionPoolSettings{maxSize=100, minSize=0, maxWaitTimeMS=120000, maxConnectionLifeTimeMS=0, maxConnectionIdleTimeMS=0, maintenanceInitialDelayMS=0, maintenanceFrequencyMS=60000, connectionPoolListeners=[io.micrometer.core.instrument.binder.mongodb.MongoMetricsConnectionPoolListener@38b34215], maxConnecting=2}, serverSettings=ServerSettings{heartbeatFrequencyMS=10000, minHeartbeatFrequencyMS=500, serverListeners='[]', serverMonitorListeners='[]'}, sslSettings=SslSettings{enabled=false, invalidHostNameAllowed=false, context=null}, applicationName='null', compressorList=[], uuidRepresentation=JAVA_LEGACY, serverApi=null, autoEncryptionSettings=null, dnsClient=null, inetAddressResolver=null, contextProvider=null}
2025-03-12T20:48:20.888-05:00  INFO 15520 --- [facturacion] [cluster-ClusterId{value='67d23964dcbdaf54d2505c0c', description='null'}-localhost:27017] org.mongodb.driver.cluster               : Monitor thread successfully connected to server with description ServerDescription{address=localhost:27017, type=STANDALONE, state=CONNECTED, ok=true, minWireVersion=0, maxWireVersion=25, maxDocumentSize=16777216, logicalSessionTimeoutMinutes=30, roundTripTimeNanos=2424600}
2025-03-12T20:48:20.924-05:00  WARN 15520 --- [facturacion] [restartedMain] o.s.b.d.a.OptionalLiveReloadServer       : Unable to start LiveReload server
2025-03-12T20:48:21.416-05:00  INFO 15520 --- [facturacion] [restartedMain] o.s.b.a.e.web.EndpointLinksResolver      : Exposing 1 endpoint(s) beneath base path '/actuator'
2025-03-12T20:48:21.435-05:00  INFO 15520 --- [facturacion] [restartedMain] o.s.b.w.embedded.tomcat.TomcatWebServer  : Tomcat started on port 8002 (http) with context path ''
2025-03-12T20:48:21.456-05:00  INFO 15520 --- [facturacion] [restartedMain] c.f.facturacion.FacturacionApplication   : Started FacturacionApplication in 1.365 seconds (process running for 92.757)
2025-03-12T20:48:21.460-05:00  INFO 15520 --- [facturacion] [restartedMain] .ConditionEvaluationDeltaLoggingListener : Condition evaluation unchanged
2025-03-12T20:48:22.817-05:00  INFO 15520 --- [facturacion] [File Watcher] rtingClassPathChangeChangedEventListener : Restarting due to 1 class path change (0 additions, 0 deletions, 1 modification)
2025-03-12T20:48:22.966-05:00  INFO 15520 --- [facturacion] [restartedMain] c.f.facturacion.FacturacionApplication   : Starting FacturacionApplication using Java 21.0.5 with PID 15520 (C:\Users\antho\Documents\GitHub\examenparcial3\facturacion\target\classes started by antho in C:\Users\antho\Documents\GitHub\examenparcial3)
2025-03-12T20:48:22.967-05:00  INFO 15520 --- [facturacion] [restartedMain] c.f.facturacion.FacturacionApplication   : No active profile set, falling back to 1 default profile: "default"
2025-03-12T20:48:23.634-05:00  INFO 15520 --- [facturacion] [restartedMain] .s.d.r.c.RepositoryConfigurationDelegate : Bootstrapping Spring Data MongoDB repositories in DEFAULT mode.
2025-03-12T20:48:23.648-05:00  INFO 15520 --- [facturacion] [restartedMain] .s.d.r.c.RepositoryConfigurationDelegate : Finished Spring Data repository scanning in 13 ms. Found 1 MongoDB repository interface.
2025-03-12T20:48:23.725-05:00  INFO 15520 --- [facturacion] [restartedMain] o.s.cloud.context.scope.GenericScope     : BeanFactory id=433b93d7-05fd-3b7f-96be-e5428d670ca5
2025-03-12T20:48:23.869-05:00  INFO 15520 --- [facturacion] [restartedMain] o.s.b.w.embedded.tomcat.TomcatWebServer  : Tomcat initialized with port 8002 (http)
2025-03-12T20:48:23.871-05:00  INFO 15520 --- [facturacion] [restartedMain] o.apache.catalina.core.StandardService   : Starting service [Tomcat]
2025-03-12T20:48:23.871-05:00  INFO 15520 --- [facturacion] [restartedMain] o.apache.catalina.core.StandardEngine    : Starting Servlet engine: [Apache Tomcat/10.1.19]
2025-03-12T20:48:23.913-05:00  INFO 15520 --- [facturacion] [restartedMain] o.a.c.c.C.[Tomcat].[localhost].[/]       : Initializing Spring embedded WebApplicationContext
2025-03-12T20:48:23.914-05:00  INFO 15520 --- [facturacion] [restartedMain] w.s.c.ServletWebServerApplicationContext : Root WebApplicationContext: initialization completed in 942 ms
2025-03-12T20:48:24.062-05:00  INFO 15520 --- [facturacion] [restartedMain] org.mongodb.driver.client                : MongoClient with metadata {"driver": {"name": "mongo-java-driver|sync|spring-boot", "version": "4.11.1"}, "os": {"type": "Windows", "name": "Windows 11", "architecture": "amd64", "version": "10.0"}, "platform": "Java/Eclipse Adoptium/21.0.5+11-LTS"} created with settings MongoClientSettings{readPreference=primary, writeConcern=WriteConcern{w=null, wTimeout=null ms, journal=null}, retryWrites=true, retryReads=true, readConcern=ReadConcern{level=null}, credential=null, transportSettings=null, streamFactoryFactory=null, commandListeners=[io.micrometer.core.instrument.binder.mongodb.MongoMetricsCommandListener@2c0efd27], codecRegistry=ProvidersCodecRegistry{codecProviders=[ValueCodecProvider{}, BsonValueCodecProvider{}, DBRefCodecProvider{}, DBObjectCodecProvider{}, DocumentCodecProvider{}, CollectionCodecProvider{}, IterableCodecProvider{}, MapCodecProvider{}, GeoJsonCodecProvider{}, GridFSFileCodecProvider{}, Jsr310CodecProvider{}, JsonObjectCodecProvider{}, BsonCodecProvider{}, EnumCodecProvider{}, com.mongodb.client.model.mql.ExpressionCodecProvider@66166f2c, com.mongodb.Jep395RecordCodecProvider@37472108, com.mongodb.KotlinCodecProvider@4c2be260]}, loggerSettings=LoggerSettings{maxDocumentLength=1000}, clusterSettings={hosts=[localhost:27017], srvServiceName=mongodb, mode=SINGLE, requiredClusterType=UNKNOWN, requiredReplicaSetName='null', serverSelector='null', clusterListeners='[]', serverSelectionTimeout='30000 ms', localThreshold='15 ms'}, socketSettings=SocketSettings{connectTimeoutMS=10000, readTimeoutMS=0, receiveBufferSize=0, proxySettings=ProxySettings{host=null, port=null, username=null, password=null}}, heartbeatSocketSettings=SocketSettings{connectTimeoutMS=10000, readTimeoutMS=10000, receiveBufferSize=0, proxySettings=ProxySettings{host=null, port=null, username=null, password=null}}, connectionPoolSettings=ConnectionPoolSettings{maxSize=100, minSize=0, maxWaitTimeMS=120000, maxConnectionLifeTimeMS=0, maxConnectionIdleTimeMS=0, maintenanceInitialDelayMS=0, maintenanceFrequencyMS=60000, connectionPoolListeners=[io.micrometer.core.instrument.binder.mongodb.MongoMetricsConnectionPoolListener@71064e9a], maxConnecting=2}, serverSettings=ServerSettings{heartbeatFrequencyMS=10000, minHeartbeatFrequencyMS=500, serverListeners='[]', serverMonitorListeners='[]'}, sslSettings=SslSettings{enabled=false, invalidHostNameAllowed=false, context=null}, applicationName='null', compressorList=[], uuidRepresentation=JAVA_LEGACY, serverApi=null, autoEncryptionSettings=null, dnsClient=null, inetAddressResolver=null, contextProvider=null}
2025-03-12T20:48:24.065-05:00  INFO 15520 --- [facturacion] [cluster-ClusterId{value='67d23968dcbdaf54d2505c0d', description='null'}-localhost:27017] org.mongodb.driver.cluster               : Monitor thread successfully connected to server with description ServerDescription{address=localhost:27017, type=STANDALONE, state=CONNECTED, ok=true, minWireVersion=0, maxWireVersion=25, maxDocumentSize=16777216, logicalSessionTimeoutMinutes=30, roundTripTimeNanos=2041600}
2025-03-12T20:48:24.110-05:00  WARN 15520 --- [facturacion] [restartedMain] o.s.b.d.a.OptionalLiveReloadServer       : Unable to start LiveReload server
2025-03-12T20:48:24.757-05:00  INFO 15520 --- [facturacion] [restartedMain] o.s.b.a.e.web.EndpointLinksResolver      : Exposing 1 endpoint(s) beneath base path '/actuator'
2025-03-12T20:48:24.785-05:00  INFO 15520 --- [facturacion] [restartedMain] o.s.b.w.embedded.tomcat.TomcatWebServer  : Tomcat started on port 8002 (http) with context path ''
2025-03-12T20:48:24.807-05:00  INFO 15520 --- [facturacion] [restartedMain] c.f.facturacion.FacturacionApplication   : Started FacturacionApplication in 1.895 seconds (process running for 96.108)
2025-03-12T20:48:24.811-05:00  INFO 15520 --- [facturacion] [restartedMain] .ConditionEvaluationDeltaLoggingListener : Condition evaluation unchanged
2025-03-12T20:48:29.236-05:00  INFO 15520 --- [facturacion] [File Watcher] rtingClassPathChangeChangedEventListener : Restarting due to 1 class path change (0 additions, 0 deletions, 1 modification)
2025-03-12T20:48:29.384-05:00  INFO 15520 --- [facturacion] [restartedMain] c.f.facturacion.FacturacionApplication   : Starting FacturacionApplication using Java 21.0.5 with PID 15520 (C:\Users\antho\Documents\GitHub\examenparcial3\facturacion\target\classes started by antho in C:\Users\antho\Documents\GitHub\examenparcial3)
2025-03-12T20:48:29.385-05:00  INFO 15520 --- [facturacion] [restartedMain] c.f.facturacion.FacturacionApplication   : No active profile set, falling back to 1 default profile: "default"
2025-03-12T20:48:29.681-05:00  INFO 15520 --- [facturacion] [restartedMain] .s.d.r.c.RepositoryConfigurationDelegate : Bootstrapping Spring Data MongoDB repositories in DEFAULT mode.
2025-03-12T20:48:29.691-05:00  INFO 15520 --- [facturacion] [restartedMain] .s.d.r.c.RepositoryConfigurationDelegate : Finished Spring Data repository scanning in 8 ms. Found 1 MongoDB repository interface.
2025-03-12T20:48:29.729-05:00  INFO 15520 --- [facturacion] [restartedMain] o.s.cloud.context.scope.GenericScope     : BeanFactory id=433b93d7-05fd-3b7f-96be-e5428d670ca5
2025-03-12T20:48:29.813-05:00  INFO 15520 --- [facturacion] [restartedMain] o.s.b.w.embedded.tomcat.TomcatWebServer  : Tomcat initialized with port 8002 (http)
2025-03-12T20:48:29.815-05:00  INFO 15520 --- [facturacion] [restartedMain] o.apache.catalina.core.StandardService   : Starting service [Tomcat]
2025-03-12T20:48:29.816-05:00  INFO 15520 --- [facturacion] [restartedMain] o.apache.catalina.core.StandardEngine    : Starting Servlet engine: [Apache Tomcat/10.1.19]
2025-03-12T20:48:29.860-05:00  INFO 15520 --- [facturacion] [restartedMain] o.a.c.c.C.[Tomcat].[localhost].[/]       : Initializing Spring embedded WebApplicationContext
2025-03-12T20:48:29.861-05:00  INFO 15520 --- [facturacion] [restartedMain] w.s.c.ServletWebServerApplicationContext : Root WebApplicationContext: initialization completed in 472 ms
2025-03-12T20:48:30.001-05:00  INFO 15520 --- [facturacion] [restartedMain] org.mongodb.driver.client                : MongoClient with metadata {"driver": {"name": "mongo-java-driver|sync|spring-boot", "version": "4.11.1"}, "os": {"type": "Windows", "name": "Windows 11", "architecture": "amd64", "version": "10.0"}, "platform": "Java/Eclipse Adoptium/21.0.5+11-LTS"} created with settings MongoClientSettings{readPreference=primary, writeConcern=WriteConcern{w=null, wTimeout=null ms, journal=null}, retryWrites=true, retryReads=true, readConcern=ReadConcern{level=null}, credential=null, transportSettings=null, streamFactoryFactory=null, commandListeners=[io.micrometer.core.instrument.binder.mongodb.MongoMetricsCommandListener@761b7a6e], codecRegistry=ProvidersCodecRegistry{codecProviders=[ValueCodecProvider{}, BsonValueCodecProvider{}, DBRefCodecProvider{}, DBObjectCodecProvider{}, DocumentCodecProvider{}, CollectionCodecProvider{}, IterableCodecProvider{}, MapCodecProvider{}, GeoJsonCodecProvider{}, GridFSFileCodecProvider{}, Jsr310CodecProvider{}, JsonObjectCodecProvider{}, BsonCodecProvider{}, EnumCodecProvider{}, com.mongodb.client.model.mql.ExpressionCodecProvider@66166f2c, com.mongodb.Jep395RecordCodecProvider@37472108, com.mongodb.KotlinCodecProvider@4c2be260]}, loggerSettings=LoggerSettings{maxDocumentLength=1000}, clusterSettings={hosts=[localhost:27017], srvServiceName=mongodb, mode=SINGLE, requiredClusterType=UNKNOWN, requiredReplicaSetName='null', serverSelector='null', clusterListeners='[]', serverSelectionTimeout='30000 ms', localThreshold='15 ms'}, socketSettings=SocketSettings{connectTimeoutMS=10000, readTimeoutMS=0, receiveBufferSize=0, proxySettings=ProxySettings{host=null, port=null, username=null, password=null}}, heartbeatSocketSettings=SocketSettings{connectTimeoutMS=10000, readTimeoutMS=10000, receiveBufferSize=0, proxySettings=ProxySettings{host=null, port=null, username=null, password=null}}, connectionPoolSettings=ConnectionPoolSettings{maxSize=100, minSize=0, maxWaitTimeMS=120000, maxConnectionLifeTimeMS=0, maxConnectionIdleTimeMS=0, maintenanceInitialDelayMS=0, maintenanceFrequencyMS=60000, connectionPoolListeners=[io.micrometer.core.instrument.binder.mongodb.MongoMetricsConnectionPoolListener@2faf871b], maxConnecting=2}, serverSettings=ServerSettings{heartbeatFrequencyMS=10000, minHeartbeatFrequencyMS=500, serverListeners='[]', serverMonitorListeners='[]'}, sslSettings=SslSettings{enabled=false, invalidHostNameAllowed=false, context=null}, applicationName='null', compressorList=[], uuidRepresentation=JAVA_LEGACY, serverApi=null, autoEncryptionSettings=null, dnsClient=null, inetAddressResolver=null, contextProvider=null}
2025-03-12T20:48:30.004-05:00  INFO 15520 --- [facturacion] [cluster-ClusterId{value='67d2396ddcbdaf54d2505c0e', description='null'}-localhost:27017] org.mongodb.driver.cluster               : Monitor thread successfully connected to server with description ServerDescription{address=localhost:27017, type=STANDALONE, state=CONNECTED, ok=true, minWireVersion=0, maxWireVersion=25, maxDocumentSize=16777216, logicalSessionTimeoutMinutes=30, roundTripTimeNanos=2840000}
2025-03-12T20:48:30.039-05:00  WARN 15520 --- [facturacion] [restartedMain] o.s.b.d.a.OptionalLiveReloadServer       : Unable to start LiveReload server
2025-03-12T20:48:30.497-05:00  INFO 15520 --- [facturacion] [restartedMain] o.s.b.a.e.web.EndpointLinksResolver      : Exposing 1 endpoint(s) beneath base path '/actuator'
2025-03-12T20:48:30.514-05:00  INFO 15520 --- [facturacion] [restartedMain] o.s.b.w.embedded.tomcat.TomcatWebServer  : Tomcat started on port 8002 (http) with context path ''
2025-03-12T20:48:30.537-05:00  INFO 15520 --- [facturacion] [restartedMain] c.f.facturacion.FacturacionApplication   : Started FacturacionApplication in 1.202 seconds (process running for 101.837)
2025-03-12T20:48:30.540-05:00  INFO 15520 --- [facturacion] [restartedMain] .ConditionEvaluationDeltaLoggingListener : Condition evaluation unchanged
2025-03-12T20:48:32.920-05:00  INFO 15520 --- [facturacion] [File Watcher] rtingClassPathChangeChangedEventListener : Restarting due to 1 class path change (0 additions, 0 deletions, 1 modification)
2025-03-12T20:48:33.050-05:00  INFO 15520 --- [facturacion] [restartedMain] c.f.facturacion.FacturacionApplication   : Starting FacturacionApplication using Java 21.0.5 with PID 15520 (C:\Users\antho\Documents\GitHub\examenparcial3\facturacion\target\classes started by antho in C:\Users\antho\Documents\GitHub\examenparcial3)
2025-03-12T20:48:33.051-05:00  INFO 15520 --- [facturacion] [restartedMain] c.f.facturacion.FacturacionApplication   : No active profile set, falling back to 1 default profile: "default"
2025-03-12T20:48:33.351-05:00  INFO 15520 --- [facturacion] [restartedMain] .s.d.r.c.RepositoryConfigurationDelegate : Bootstrapping Spring Data MongoDB repositories in DEFAULT mode.
2025-03-12T20:48:33.360-05:00  INFO 15520 --- [facturacion] [restartedMain] .s.d.r.c.RepositoryConfigurationDelegate : Finished Spring Data repository scanning in 8 ms. Found 1 MongoDB repository interface.
2025-03-12T20:48:33.413-05:00  INFO 15520 --- [facturacion] [restartedMain] o.s.cloud.context.scope.GenericScope     : BeanFactory id=433b93d7-05fd-3b7f-96be-e5428d670ca5
2025-03-12T20:48:33.509-05:00  INFO 15520 --- [facturacion] [restartedMain] o.s.b.w.embedded.tomcat.TomcatWebServer  : Tomcat initialized with port 8002 (http)
2025-03-12T20:48:33.510-05:00  INFO 15520 --- [facturacion] [restartedMain] o.apache.catalina.core.StandardService   : Starting service [Tomcat]
2025-03-12T20:48:33.512-05:00  INFO 15520 --- [facturacion] [restartedMain] o.apache.catalina.core.StandardEngine    : Starting Servlet engine: [Apache Tomcat/10.1.19]
2025-03-12T20:48:33.582-05:00  INFO 15520 --- [facturacion] [restartedMain] o.a.c.c.C.[Tomcat].[localhost].[/]       : Initializing Spring embedded WebApplicationContext
2025-03-12T20:48:33.598-05:00  INFO 15520 --- [facturacion] [restartedMain] w.s.c.ServletWebServerApplicationContext : Root WebApplicationContext: initialization completed in 544 ms
2025-03-12T20:48:33.716-05:00  INFO 15520 --- [facturacion] [restartedMain] org.mongodb.driver.client                : MongoClient with metadata {"driver": {"name": "mongo-java-driver|sync|spring-boot", "version": "4.11.1"}, "os": {"type": "Windows", "name": "Windows 11", "architecture": "amd64", "version": "10.0"}, "platform": "Java/Eclipse Adoptium/21.0.5+11-LTS"} created with settings MongoClientSettings{readPreference=primary, writeConcern=WriteConcern{w=null, wTimeout=null ms, journal=null}, retryWrites=true, retryReads=true, readConcern=ReadConcern{level=null}, credential=null, transportSettings=null, streamFactoryFactory=null, commandListeners=[io.micrometer.core.instrument.binder.mongodb.MongoMetricsCommandListener@df4d07e], codecRegistry=ProvidersCodecRegistry{codecProviders=[ValueCodecProvider{}, BsonValueCodecProvider{}, DBRefCodecProvider{}, DBObjectCodecProvider{}, DocumentCodecProvider{}, CollectionCodecProvider{}, IterableCodecProvider{}, MapCodecProvider{}, GeoJsonCodecProvider{}, GridFSFileCodecProvider{}, Jsr310CodecProvider{}, JsonObjectCodecProvider{}, BsonCodecProvider{}, EnumCodecProvider{}, com.mongodb.client.model.mql.ExpressionCodecProvider@66166f2c, com.mongodb.Jep395RecordCodecProvider@37472108, com.mongodb.KotlinCodecProvider@4c2be260]}, loggerSettings=LoggerSettings{maxDocumentLength=1000}, clusterSettings={hosts=[localhost:27017], srvServiceName=mongodb, mode=SINGLE, requiredClusterType=UNKNOWN, requiredReplicaSetName='null', serverSelector='null', clusterListeners='[]', serverSelectionTimeout='30000 ms', localThreshold='15 ms'}, socketSettings=SocketSettings{connectTimeoutMS=10000, readTimeoutMS=0, receiveBufferSize=0, proxySettings=ProxySettings{host=null, port=null, username=null, password=null}}, heartbeatSocketSettings=SocketSettings{connectTimeoutMS=10000, readTimeoutMS=10000, receiveBufferSize=0, proxySettings=ProxySettings{host=null, port=null, username=null, password=null}}, connectionPoolSettings=ConnectionPoolSettings{maxSize=100, minSize=0, maxWaitTimeMS=120000, maxConnectionLifeTimeMS=0, maxConnectionIdleTimeMS=0, maintenanceInitialDelayMS=0, maintenanceFrequencyMS=60000, connectionPoolListeners=[io.micrometer.core.instrument.binder.mongodb.MongoMetricsConnectionPoolListener@13be1196], maxConnecting=2}, serverSettings=ServerSettings{heartbeatFrequencyMS=10000, minHeartbeatFrequencyMS=500, serverListeners='[]', serverMonitorListeners='[]'}, sslSettings=SslSettings{enabled=false, invalidHostNameAllowed=false, context=null}, applicationName='null', compressorList=[], uuidRepresentation=JAVA_LEGACY, serverApi=null, autoEncryptionSettings=null, dnsClient=null, inetAddressResolver=null, contextProvider=null}
2025-03-12T20:48:33.719-05:00  INFO 15520 --- [facturacion] [cluster-ClusterId{value='67d23971dcbdaf54d2505c0f', description='null'}-localhost:27017] org.mongodb.driver.cluster               : Monitor thread successfully connected to server with description ServerDescription{address=localhost:27017, type=STANDALONE, state=CONNECTED, ok=true, minWireVersion=0, maxWireVersion=25, maxDocumentSize=16777216, logicalSessionTimeoutMinutes=30, roundTripTimeNanos=2805800}
2025-03-12T20:48:33.752-05:00  WARN 15520 --- [facturacion] [restartedMain] o.s.b.d.a.OptionalLiveReloadServer       : Unable to start LiveReload server
2025-03-12T20:48:34.204-05:00  INFO 15520 --- [facturacion] [restartedMain] o.s.b.a.e.web.EndpointLinksResolver      : Exposing 1 endpoint(s) beneath base path '/actuator'
2025-03-12T20:48:34.221-05:00  INFO 15520 --- [facturacion] [restartedMain] o.s.b.w.embedded.tomcat.TomcatWebServer  : Tomcat started on port 8002 (http) with context path ''
2025-03-12T20:48:34.251-05:00  INFO 15520 --- [facturacion] [restartedMain] c.f.facturacion.FacturacionApplication   : Started FacturacionApplication in 1.246 seconds (process running for 105.552)
2025-03-12T20:48:34.254-05:00  INFO 15520 --- [facturacion] [restartedMain] .ConditionEvaluationDeltaLoggingListener : Condition evaluation unchanged
2025-03-12T20:48:37.648-05:00  INFO 15520 --- [facturacion] [File Watcher] rtingClassPathChangeChangedEventListener : Restarting due to 1 class path change (0 additions, 0 deletions, 1 modification)
2025-03-12T20:48:37.800-05:00  INFO 15520 --- [facturacion] [restartedMain] c.f.facturacion.FacturacionApplication   : Starting FacturacionApplication using Java 21.0.5 with PID 15520 (C:\Users\antho\Documents\GitHub\examenparcial3\facturacion\target\classes started by antho in C:\Users\antho\Documents\GitHub\examenparcial3)
2025-03-12T20:48:37.802-05:00  INFO 15520 --- [facturacion] [restartedMain] c.f.facturacion.FacturacionApplication   : No active profile set, falling back to 1 default profile: "default"
2025-03-12T20:48:38.144-05:00  INFO 15520 --- [facturacion] [restartedMain] .s.d.r.c.RepositoryConfigurationDelegate : Bootstrapping Spring Data MongoDB repositories in DEFAULT mode.
2025-03-12T20:48:38.151-05:00  INFO 15520 --- [facturacion] [restartedMain] .s.d.r.c.RepositoryConfigurationDelegate : Finished Spring Data repository scanning in 7 ms. Found 1 MongoDB repository interface.
2025-03-12T20:48:38.183-05:00  INFO 15520 --- [facturacion] [restartedMain] o.s.cloud.context.scope.GenericScope     : BeanFactory id=433b93d7-05fd-3b7f-96be-e5428d670ca5
2025-03-12T20:48:38.271-05:00  INFO 15520 --- [facturacion] [restartedMain] o.s.b.w.embedded.tomcat.TomcatWebServer  : Tomcat initialized with port 8002 (http)
2025-03-12T20:48:38.272-05:00  INFO 15520 --- [facturacion] [restartedMain] o.apache.catalina.core.StandardService   : Starting service [Tomcat]
2025-03-12T20:48:38.273-05:00  INFO 15520 --- [facturacion] [restartedMain] o.apache.catalina.core.StandardEngine    : Starting Servlet engine: [Apache Tomcat/10.1.19]
2025-03-12T20:48:38.298-05:00  INFO 15520 --- [facturacion] [restartedMain] o.a.c.c.C.[Tomcat].[localhost].[/]       : Initializing Spring embedded WebApplicationContext
2025-03-12T20:48:38.300-05:00  INFO 15520 --- [facturacion] [restartedMain] w.s.c.ServletWebServerApplicationContext : Root WebApplicationContext: initialization completed in 495 ms
2025-03-12T20:48:38.395-05:00  INFO 15520 --- [facturacion] [restartedMain] org.mongodb.driver.client                : MongoClient with metadata {"driver": {"name": "mongo-java-driver|sync|spring-boot", "version": "4.11.1"}, "os": {"type": "Windows", "name": "Windows 11", "architecture": "amd64", "version": "10.0"}, "platform": "Java/Eclipse Adoptium/21.0.5+11-LTS"} created with settings MongoClientSettings{readPreference=primary, writeConcern=WriteConcern{w=null, wTimeout=null ms, journal=null}, retryWrites=true, retryReads=true, readConcern=ReadConcern{level=null}, credential=null, transportSettings=null, streamFactoryFactory=null, commandListeners=[io.micrometer.core.instrument.binder.mongodb.MongoMetricsCommandListener@4f286ecf], codecRegistry=ProvidersCodecRegistry{codecProviders=[ValueCodecProvider{}, BsonValueCodecProvider{}, DBRefCodecProvider{}, DBObjectCodecProvider{}, DocumentCodecProvider{}, CollectionCodecProvider{}, IterableCodecProvider{}, MapCodecProvider{}, GeoJsonCodecProvider{}, GridFSFileCodecProvider{}, Jsr310CodecProvider{}, JsonObjectCodecProvider{}, BsonCodecProvider{}, EnumCodecProvider{}, com.mongodb.client.model.mql.ExpressionCodecProvider@66166f2c, com.mongodb.Jep395RecordCodecProvider@37472108, com.mongodb.KotlinCodecProvider@4c2be260]}, loggerSettings=LoggerSettings{maxDocumentLength=1000}, clusterSettings={hosts=[localhost:27017], srvServiceName=mongodb, mode=SINGLE, requiredClusterType=UNKNOWN, requiredReplicaSetName='null', serverSelector='null', clusterListeners='[]', serverSelectionTimeout='30000 ms', localThreshold='15 ms'}, socketSettings=SocketSettings{connectTimeoutMS=10000, readTimeoutMS=0, receiveBufferSize=0, proxySettings=ProxySettings{host=null, port=null, username=null, password=null}}, heartbeatSocketSettings=SocketSettings{connectTimeoutMS=10000, readTimeoutMS=10000, receiveBufferSize=0, proxySettings=ProxySettings{host=null, port=null, username=null, password=null}}, connectionPoolSettings=ConnectionPoolSettings{maxSize=100, minSize=0, maxWaitTimeMS=120000, maxConnectionLifeTimeMS=0, maxConnectionIdleTimeMS=0, maintenanceInitialDelayMS=0, maintenanceFrequencyMS=60000, connectionPoolListeners=[io.micrometer.core.instrument.binder.mongodb.MongoMetricsConnectionPoolListener@6cfbd8f3], maxConnecting=2}, serverSettings=ServerSettings{heartbeatFrequencyMS=10000, minHeartbeatFrequencyMS=500, serverListeners='[]', serverMonitorListeners='[]'}, sslSettings=SslSettings{enabled=false, invalidHostNameAllowed=false, context=null}, applicationName='null', compressorList=[], uuidRepresentation=JAVA_LEGACY, serverApi=null, autoEncryptionSettings=null, dnsClient=null, inetAddressResolver=null, contextProvider=null}
2025-03-12T20:48:38.398-05:00  INFO 15520 --- [facturacion] [cluster-ClusterId{value='67d23976dcbdaf54d2505c10', description='null'}-localhost:27017] org.mongodb.driver.cluster               : Monitor thread successfully connected to server with description ServerDescription{address=localhost:27017, type=STANDALONE, state=CONNECTED, ok=true, minWireVersion=0, maxWireVersion=25, maxDocumentSize=16777216, logicalSessionTimeoutMinutes=30, roundTripTimeNanos=2643700}
2025-03-12T20:48:38.430-05:00  WARN 15520 --- [facturacion] [restartedMain] o.s.b.d.a.OptionalLiveReloadServer       : Unable to start LiveReload server
2025-03-12T20:48:38.844-05:00  INFO 15520 --- [facturacion] [restartedMain] o.s.b.a.e.web.EndpointLinksResolver      : Exposing 1 endpoint(s) beneath base path '/actuator'
2025-03-12T20:48:38.860-05:00  INFO 15520 --- [facturacion] [restartedMain] o.s.b.w.embedded.tomcat.TomcatWebServer  : Tomcat started on port 8002 (http) with context path ''
2025-03-12T20:48:38.890-05:00  INFO 15520 --- [facturacion] [restartedMain] c.f.facturacion.FacturacionApplication   : Started FacturacionApplication in 1.148 seconds (process running for 110.19)
2025-03-12T20:48:38.892-05:00  INFO 15520 --- [facturacion] [restartedMain] .ConditionEvaluationDeltaLoggingListener : Condition evaluation unchanged
2025-03-12T20:48:40.261-05:00  INFO 15520 --- [facturacion] [File Watcher] rtingClassPathChangeChangedEventListener : Restarting due to 1 class path change (0 additions, 0 deletions, 1 modification)
2025-03-12T20:48:40.402-05:00  INFO 15520 --- [facturacion] [restartedMain] c.f.facturacion.FacturacionApplication   : Starting FacturacionApplication using Java 21.0.5 with PID 15520 (C:\Users\antho\Documents\GitHub\examenparcial3\facturacion\target\classes started by antho in C:\Users\antho\Documents\GitHub\examenparcial3)
2025-03-12T20:48:40.403-05:00  INFO 15520 --- [facturacion] [restartedMain] c.f.facturacion.FacturacionApplication   : No active profile set, falling back to 1 default profile: "default"
2025-03-12T20:48:40.757-05:00  INFO 15520 --- [facturacion] [restartedMain] .s.d.r.c.RepositoryConfigurationDelegate : Bootstrapping Spring Data MongoDB repositories in DEFAULT mode.
2025-03-12T20:48:40.770-05:00  INFO 15520 --- [facturacion] [restartedMain] .s.d.r.c.RepositoryConfigurationDelegate : Finished Spring Data repository scanning in 12 ms. Found 1 MongoDB repository interface.
2025-03-12T20:48:40.813-05:00  INFO 15520 --- [facturacion] [restartedMain] o.s.cloud.context.scope.GenericScope     : BeanFactory id=433b93d7-05fd-3b7f-96be-e5428d670ca5
2025-03-12T20:48:40.893-05:00  INFO 15520 --- [facturacion] [restartedMain] o.s.b.w.embedded.tomcat.TomcatWebServer  : Tomcat initialized with port 8002 (http)
2025-03-12T20:48:40.894-05:00  INFO 15520 --- [facturacion] [restartedMain] o.apache.catalina.core.StandardService   : Starting service [Tomcat]
2025-03-12T20:48:40.895-05:00  INFO 15520 --- [facturacion] [restartedMain] o.apache.catalina.core.StandardEngine    : Starting Servlet engine: [Apache Tomcat/10.1.19]
2025-03-12T20:48:40.914-05:00  INFO 15520 --- [facturacion] [restartedMain] o.a.c.c.C.[Tomcat].[localhost].[/]       : Initializing Spring embedded WebApplicationContext
2025-03-12T20:48:40.915-05:00  INFO 15520 --- [facturacion] [restartedMain] w.s.c.ServletWebServerApplicationContext : Root WebApplicationContext: initialization completed in 509 ms
2025-03-12T20:48:41.027-05:00  INFO 15520 --- [facturacion] [restartedMain] org.mongodb.driver.client                : MongoClient with metadata {"driver": {"name": "mongo-java-driver|sync|spring-boot", "version": "4.11.1"}, "os": {"type": "Windows", "name": "Windows 11", "architecture": "amd64", "version": "10.0"}, "platform": "Java/Eclipse Adoptium/21.0.5+11-LTS"} created with settings MongoClientSettings{readPreference=primary, writeConcern=WriteConcern{w=null, wTimeout=null ms, journal=null}, retryWrites=true, retryReads=true, readConcern=ReadConcern{level=null}, credential=null, transportSettings=null, streamFactoryFactory=null, commandListeners=[io.micrometer.core.instrument.binder.mongodb.MongoMetricsCommandListener@10b699da], codecRegistry=ProvidersCodecRegistry{codecProviders=[ValueCodecProvider{}, BsonValueCodecProvider{}, DBRefCodecProvider{}, DBObjectCodecProvider{}, DocumentCodecProvider{}, CollectionCodecProvider{}, IterableCodecProvider{}, MapCodecProvider{}, GeoJsonCodecProvider{}, GridFSFileCodecProvider{}, Jsr310CodecProvider{}, JsonObjectCodecProvider{}, BsonCodecProvider{}, EnumCodecProvider{}, com.mongodb.client.model.mql.ExpressionCodecProvider@66166f2c, com.mongodb.Jep395RecordCodecProvider@37472108, com.mongodb.KotlinCodecProvider@4c2be260]}, loggerSettings=LoggerSettings{maxDocumentLength=1000}, clusterSettings={hosts=[localhost:27017], srvServiceName=mongodb, mode=SINGLE, requiredClusterType=UNKNOWN, requiredReplicaSetName='null', serverSelector='null', clusterListeners='[]', serverSelectionTimeout='30000 ms', localThreshold='15 ms'}, socketSettings=SocketSettings{connectTimeoutMS=10000, readTimeoutMS=0, receiveBufferSize=0, proxySettings=ProxySettings{host=null, port=null, username=null, password=null}}, heartbeatSocketSettings=SocketSettings{connectTimeoutMS=10000, readTimeoutMS=10000, receiveBufferSize=0, proxySettings=ProxySettings{host=null, port=null, username=null, password=null}}, connectionPoolSettings=ConnectionPoolSettings{maxSize=100, minSize=0, maxWaitTimeMS=120000, maxConnectionLifeTimeMS=0, maxConnectionIdleTimeMS=0, maintenanceInitialDelayMS=0, maintenanceFrequencyMS=60000, connectionPoolListeners=[io.micrometer.core.instrument.binder.mongodb.MongoMetricsConnectionPoolListener@127a053f], maxConnecting=2}, serverSettings=ServerSettings{heartbeatFrequencyMS=10000, minHeartbeatFrequencyMS=500, serverListeners='[]', serverMonitorListeners='[]'}, sslSettings=SslSettings{enabled=false, invalidHostNameAllowed=false, context=null}, applicationName='null', compressorList=[], uuidRepresentation=JAVA_LEGACY, serverApi=null, autoEncryptionSettings=null, dnsClient=null, inetAddressResolver=null, contextProvider=null}
2025-03-12T20:48:41.031-05:00  INFO 15520 --- [facturacion] [cluster-ClusterId{value='67d23979dcbdaf54d2505c11', description='null'}-localhost:27017] org.mongodb.driver.cluster               : Monitor thread successfully connected to server with description ServerDescription{address=localhost:27017, type=STANDALONE, state=CONNECTED, ok=true, minWireVersion=0, maxWireVersion=25, maxDocumentSize=16777216, logicalSessionTimeoutMinutes=30, roundTripTimeNanos=2634500}
2025-03-12T20:48:41.061-05:00  WARN 15520 --- [facturacion] [restartedMain] o.s.b.d.a.OptionalLiveReloadServer       : Unable to start LiveReload server
2025-03-12T20:48:41.579-05:00  INFO 15520 --- [facturacion] [restartedMain] o.s.b.a.e.web.EndpointLinksResolver      : Exposing 1 endpoint(s) beneath base path '/actuator'
2025-03-12T20:48:41.603-05:00  INFO 15520 --- [facturacion] [restartedMain] o.s.b.w.embedded.tomcat.TomcatWebServer  : Tomcat started on port 8002 (http) with context path ''
2025-03-12T20:48:41.628-05:00  INFO 15520 --- [facturacion] [restartedMain] c.f.facturacion.FacturacionApplication   : Started FacturacionApplication in 1.272 seconds (process running for 112.929)
2025-03-12T20:48:41.630-05:00  INFO 15520 --- [facturacion] [restartedMain] .ConditionEvaluationDeltaLoggingListener : Condition evaluation unchanged
2025-03-12T20:48:42.965-05:00  INFO 15520 --- [facturacion] [File Watcher] rtingClassPathChangeChangedEventListener : Restarting due to 1 class path change (0 additions, 0 deletions, 1 modification)
2025-03-12T20:48:43.129-05:00  INFO 15520 --- [facturacion] [restartedMain] c.f.facturacion.FacturacionApplication   : Starting FacturacionApplication using Java 21.0.5 with PID 15520 (C:\Users\antho\Documents\GitHub\examenparcial3\facturacion\target\classes started by antho in C:\Users\antho\Documents\GitHub\examenparcial3)
2025-03-12T20:48:43.130-05:00  INFO 15520 --- [facturacion] [restartedMain] c.f.facturacion.FacturacionApplication   : No active profile set, falling back to 1 default profile: "default"
2025-03-12T20:48:43.540-05:00  INFO 15520 --- [facturacion] [restartedMain] .s.d.r.c.RepositoryConfigurationDelegate : Bootstrapping Spring Data MongoDB repositories in DEFAULT mode.
2025-03-12T20:48:43.550-05:00  INFO 15520 --- [facturacion] [restartedMain] .s.d.r.c.RepositoryConfigurationDelegate : Finished Spring Data repository scanning in 9 ms. Found 1 MongoDB repository interface.
2025-03-12T20:48:43.586-05:00  INFO 15520 --- [facturacion] [restartedMain] o.s.cloud.context.scope.GenericScope     : BeanFactory id=433b93d7-05fd-3b7f-96be-e5428d670ca5
2025-03-12T20:48:43.674-05:00  INFO 15520 --- [facturacion] [restartedMain] o.s.b.w.embedded.tomcat.TomcatWebServer  : Tomcat initialized with port 8002 (http)
2025-03-12T20:48:43.675-05:00  INFO 15520 --- [facturacion] [restartedMain] o.apache.catalina.core.StandardService   : Starting service [Tomcat]
2025-03-12T20:48:43.677-05:00  INFO 15520 --- [facturacion] [restartedMain] o.apache.catalina.core.StandardEngine    : Starting Servlet engine: [Apache Tomcat/10.1.19]
2025-03-12T20:48:43.701-05:00  INFO 15520 --- [facturacion] [restartedMain] o.a.c.c.C.[Tomcat].[localhost].[/]       : Initializing Spring embedded WebApplicationContext
2025-03-12T20:48:43.701-05:00  INFO 15520 --- [facturacion] [restartedMain] w.s.c.ServletWebServerApplicationContext : Root WebApplicationContext: initialization completed in 568 ms
2025-03-12T20:48:43.813-05:00  INFO 15520 --- [facturacion] [restartedMain] org.mongodb.driver.client                : MongoClient with metadata {"driver": {"name": "mongo-java-driver|sync|spring-boot", "version": "4.11.1"}, "os": {"type": "Windows", "name": "Windows 11", "architecture": "amd64", "version": "10.0"}, "platform": "Java/Eclipse Adoptium/21.0.5+11-LTS"} created with settings MongoClientSettings{readPreference=primary, writeConcern=WriteConcern{w=null, wTimeout=null ms, journal=null}, retryWrites=true, retryReads=true, readConcern=ReadConcern{level=null}, credential=null, transportSettings=null, streamFactoryFactory=null, commandListeners=[io.micrometer.core.instrument.binder.mongodb.MongoMetricsCommandListener@43dbc31c], codecRegistry=ProvidersCodecRegistry{codecProviders=[ValueCodecProvider{}, BsonValueCodecProvider{}, DBRefCodecProvider{}, DBObjectCodecProvider{}, DocumentCodecProvider{}, CollectionCodecProvider{}, IterableCodecProvider{}, MapCodecProvider{}, GeoJsonCodecProvider{}, GridFSFileCodecProvider{}, Jsr310CodecProvider{}, JsonObjectCodecProvider{}, BsonCodecProvider{}, EnumCodecProvider{}, com.mongodb.client.model.mql.ExpressionCodecProvider@66166f2c, com.mongodb.Jep395RecordCodecProvider@37472108, com.mongodb.KotlinCodecProvider@4c2be260]}, loggerSettings=LoggerSettings{maxDocumentLength=1000}, clusterSettings={hosts=[localhost:27017], srvServiceName=mongodb, mode=SINGLE, requiredClusterType=UNKNOWN, requiredReplicaSetName='null', serverSelector='null', clusterListeners='[]', serverSelectionTimeout='30000 ms', localThreshold='15 ms'}, socketSettings=SocketSettings{connectTimeoutMS=10000, readTimeoutMS=0, receiveBufferSize=0, proxySettings=ProxySettings{host=null, port=null, username=null, password=null}}, heartbeatSocketSettings=SocketSettings{connectTimeoutMS=10000, readTimeoutMS=10000, receiveBufferSize=0, proxySettings=ProxySettings{host=null, port=null, username=null, password=null}}, connectionPoolSettings=ConnectionPoolSettings{maxSize=100, minSize=0, maxWaitTimeMS=120000, maxConnectionLifeTimeMS=0, maxConnectionIdleTimeMS=0, maintenanceInitialDelayMS=0, maintenanceFrequencyMS=60000, connectionPoolListeners=[io.micrometer.core.instrument.binder.mongodb.MongoMetricsConnectionPoolListener@79e7b788], maxConnecting=2}, serverSettings=ServerSettings{heartbeatFrequencyMS=10000, minHeartbeatFrequencyMS=500, serverListeners='[]', serverMonitorListeners='[]'}, sslSettings=SslSettings{enabled=false, invalidHostNameAllowed=false, context=null}, applicationName='null', compressorList=[], uuidRepresentation=JAVA_LEGACY, serverApi=null, autoEncryptionSettings=null, dnsClient=null, inetAddressResolver=null, contextProvider=null}
2025-03-12T20:48:43.817-05:00  INFO 15520 --- [facturacion] [cluster-ClusterId{value='67d2397bdcbdaf54d2505c12', description='null'}-localhost:27017] org.mongodb.driver.cluster               : Monitor thread successfully connected to server with description ServerDescription{address=localhost:27017, type=STANDALONE, state=CONNECTED, ok=true, minWireVersion=0, maxWireVersion=25, maxDocumentSize=16777216, logicalSessionTimeoutMinutes=30, roundTripTimeNanos=2326000}
2025-03-12T20:48:43.851-05:00  WARN 15520 --- [facturacion] [restartedMain] o.s.b.d.a.OptionalLiveReloadServer       : Unable to start LiveReload server
2025-03-12T20:48:44.296-05:00  INFO 15520 --- [facturacion] [restartedMain] o.s.b.a.e.web.EndpointLinksResolver      : Exposing 1 endpoint(s) beneath base path '/actuator'
2025-03-12T20:48:44.312-05:00  INFO 15520 --- [facturacion] [restartedMain] o.s.b.w.embedded.tomcat.TomcatWebServer  : Tomcat started on port 8002 (http) with context path ''
2025-03-12T20:48:44.333-05:00  INFO 15520 --- [facturacion] [restartedMain] c.f.facturacion.FacturacionApplication   : Started FacturacionApplication in 1.256 seconds (process running for 115.633)
2025-03-12T20:48:44.335-05:00  INFO 15520 --- [facturacion] [restartedMain] .ConditionEvaluationDeltaLoggingListener : Condition evaluation unchanged
2025-03-12T20:48:45.702-05:00  INFO 15520 --- [facturacion] [File Watcher] rtingClassPathChangeChangedEventListener : Restarting due to 1 class path change (0 additions, 0 deletions, 1 modification)
2025-03-12T20:48:45.848-05:00  INFO 15520 --- [facturacion] [restartedMain] c.f.facturacion.FacturacionApplication   : Starting FacturacionApplication using Java 21.0.5 with PID 15520 (C:\Users\antho\Documents\GitHub\examenparcial3\facturacion\target\classes started by antho in C:\Users\antho\Documents\GitHub\examenparcial3)
2025-03-12T20:48:45.849-05:00  INFO 15520 --- [facturacion] [restartedMain] c.f.facturacion.FacturacionApplication   : No active profile set, falling back to 1 default profile: "default"
2025-03-12T20:48:46.074-05:00  INFO 15520 --- [facturacion] [restartedMain] .s.d.r.c.RepositoryConfigurationDelegate : Bootstrapping Spring Data MongoDB repositories in DEFAULT mode.
2025-03-12T20:48:46.082-05:00  INFO 15520 --- [facturacion] [restartedMain] .s.d.r.c.RepositoryConfigurationDelegate : Finished Spring Data repository scanning in 7 ms. Found 1 MongoDB repository interface.
2025-03-12T20:48:46.122-05:00  INFO 15520 --- [facturacion] [restartedMain] o.s.cloud.context.scope.GenericScope     : BeanFactory id=433b93d7-05fd-3b7f-96be-e5428d670ca5
2025-03-12T20:48:46.196-05:00  INFO 15520 --- [facturacion] [restartedMain] o.s.b.w.embedded.tomcat.TomcatWebServer  : Tomcat initialized with port 8002 (http)
2025-03-12T20:48:46.197-05:00  INFO 15520 --- [facturacion] [restartedMain] o.apache.catalina.core.StandardService   : Starting service [Tomcat]
2025-03-12T20:48:46.198-05:00  INFO 15520 --- [facturacion] [restartedMain] o.apache.catalina.core.StandardEngine    : Starting Servlet engine: [Apache Tomcat/10.1.19]
2025-03-12T20:48:46.221-05:00  INFO 15520 --- [facturacion] [restartedMain] o.a.c.c.C.[Tomcat].[localhost].[/]       : Initializing Spring embedded WebApplicationContext
2025-03-12T20:48:46.222-05:00  INFO 15520 --- [facturacion] [restartedMain] w.s.c.ServletWebServerApplicationContext : Root WebApplicationContext: initialization completed in 371 ms
2025-03-12T20:48:46.309-05:00  INFO 15520 --- [facturacion] [restartedMain] org.mongodb.driver.client                : MongoClient with metadata {"driver": {"name": "mongo-java-driver|sync|spring-boot", "version": "4.11.1"}, "os": {"type": "Windows", "name": "Windows 11", "architecture": "amd64", "version": "10.0"}, "platform": "Java/Eclipse Adoptium/21.0.5+11-LTS"} created with settings MongoClientSettings{readPreference=primary, writeConcern=WriteConcern{w=null, wTimeout=null ms, journal=null}, retryWrites=true, retryReads=true, readConcern=ReadConcern{level=null}, credential=null, transportSettings=null, streamFactoryFactory=null, commandListeners=[io.micrometer.core.instrument.binder.mongodb.MongoMetricsCommandListener@7a8ab42d], codecRegistry=ProvidersCodecRegistry{codecProviders=[ValueCodecProvider{}, BsonValueCodecProvider{}, DBRefCodecProvider{}, DBObjectCodecProvider{}, DocumentCodecProvider{}, CollectionCodecProvider{}, IterableCodecProvider{}, MapCodecProvider{}, GeoJsonCodecProvider{}, GridFSFileCodecProvider{}, Jsr310CodecProvider{}, JsonObjectCodecProvider{}, BsonCodecProvider{}, EnumCodecProvider{}, com.mongodb.client.model.mql.ExpressionCodecProvider@66166f2c, com.mongodb.Jep395RecordCodecProvider@37472108, com.mongodb.KotlinCodecProvider@4c2be260]}, loggerSettings=LoggerSettings{maxDocumentLength=1000}, clusterSettings={hosts=[localhost:27017], srvServiceName=mongodb, mode=SINGLE, requiredClusterType=UNKNOWN, requiredReplicaSetName='null', serverSelector='null', clusterListeners='[]', serverSelectionTimeout='30000 ms', localThreshold='15 ms'}, socketSettings=SocketSettings{connectTimeoutMS=10000, readTimeoutMS=0, receiveBufferSize=0, proxySettings=ProxySettings{host=null, port=null, username=null, password=null}}, heartbeatSocketSettings=SocketSettings{connectTimeoutMS=10000, readTimeoutMS=10000, receiveBufferSize=0, proxySettings=ProxySettings{host=null, port=null, username=null, password=null}}, connectionPoolSettings=ConnectionPoolSettings{maxSize=100, minSize=0, maxWaitTimeMS=120000, maxConnectionLifeTimeMS=0, maxConnectionIdleTimeMS=0, maintenanceInitialDelayMS=0, maintenanceFrequencyMS=60000, connectionPoolListeners=[io.micrometer.core.instrument.binder.mongodb.MongoMetricsConnectionPoolListener@45048a66], maxConnecting=2}, serverSettings=ServerSettings{heartbeatFrequencyMS=10000, minHeartbeatFrequencyMS=500, serverListeners='[]', serverMonitorListeners='[]'}, sslSettings=SslSettings{enabled=false, invalidHostNameAllowed=false, context=null}, applicationName='null', compressorList=[], uuidRepresentation=JAVA_LEGACY, serverApi=null, autoEncryptionSettings=null, dnsClient=null, inetAddressResolver=null, contextProvider=null}
2025-03-12T20:48:46.312-05:00  INFO 15520 --- [facturacion] [cluster-ClusterId{value='67d2397edcbdaf54d2505c13', description='null'}-localhost:27017] org.mongodb.driver.cluster               : Monitor thread successfully connected to server with description ServerDescription{address=localhost:27017, type=STANDALONE, state=CONNECTED, ok=true, minWireVersion=0, maxWireVersion=25, maxDocumentSize=16777216, logicalSessionTimeoutMinutes=30, roundTripTimeNanos=1819400}
2025-03-12T20:48:46.339-05:00  WARN 15520 --- [facturacion] [restartedMain] o.s.b.d.a.OptionalLiveReloadServer       : Unable to start LiveReload server
2025-03-12T20:48:46.867-05:00  INFO 15520 --- [facturacion] [restartedMain] o.s.b.a.e.web.EndpointLinksResolver      : Exposing 1 endpoint(s) beneath base path '/actuator'
2025-03-12T20:48:46.891-05:00  INFO 15520 --- [facturacion] [restartedMain] o.s.b.w.embedded.tomcat.TomcatWebServer  : Tomcat started on port 8002 (http) with context path ''
2025-03-12T20:48:46.915-05:00  INFO 15520 --- [facturacion] [restartedMain] c.f.facturacion.FacturacionApplication   : Started FacturacionApplication in 1.113 seconds (process running for 118.215)
2025-03-12T20:48:46.917-05:00  INFO 15520 --- [facturacion] [restartedMain] .ConditionEvaluationDeltaLoggingListener : Condition evaluation unchanged
